<?xml version="1.0" encoding="UTF-8"?>
<!-- Generated by org.testng.reporters.JUnitReportReporter -->
<testsuite hostname="QT-INBG-LT0822" failures="0" tests="1" name="mobileworld.mobile" time="15.920" errors="0" timestamp="2022-09-19T13:48:20 IST" skipped="0">
  <testcase classname="mobileworld.mobile" name="setup" time="15.920"/>
  <system-out/>
</testsuite> <!-- mobileworld.mobile -->
