<?xml version="1.0" encoding="UTF-8"?>
<!-- Generated by org.testng.reporters.JUnitReportReporter -->
<testsuite hostname="QT-INBG-LT0822" failures="0" tests="1" name="mobileworld.Login" time="8.902" errors="0" timestamp="2022-09-19T09:41:06 IST" skipped="0">
  <testcase classname="mobileworld.Login" name="setup" time="8.902"/>
  <system-out/>
</testsuite> <!-- mobileworld.Login -->
