<?xml version="1.0" encoding="UTF-8"?>
<!-- Generated by org.testng.reporters.JUnitReportReporter -->
<testsuite hostname="QT-INBG-LT0822" failures="0" tests="1" name="mobileworld.SignUptest" time="3.658" errors="0" timestamp="2022-09-19T13:48:20 IST" skipped="0">
  <testcase classname="mobileworld.SignUptest" name="signUp" time="3.658"/>
  <system-out/>
</testsuite> <!-- mobileworld.SignUptest -->
